If it is a script, you may be missing a '#!' declaration at the top.
False: Non-zero return code, probably a syntax error occurred\ntime=1602587824.4241006 gym-duckietown 2019.0.0

time=1602587824.5719342 Registering gym environment id: Duckietown-straight_road_10_tiles_no_start_tile-v0
time=1602587824.5720644 Registering gym environment id: Duckietown-small_loop_cw-v0
time=1602587824.5726786 Registering gym environment id: Duckietown-straight_road_with_side_floor-v0
time=1602587824.5731294 Registering gym environment id: Duckietown-straight_road_no_start_tile-v0
time=1602587824.5732393 Registering gym environment id: Duckietown-loop_dyn_duckiebots-v0
time=1602587824.5733078 Registering gym environment id: Duckietown-straight_road_trafficlight-v0
time=1602587824.573424 Registering gym environment id: Duckietown-loop_pedestrians-v0
time=1602587824.5735168 Registering gym environment id: Duckietown-4way-v0
time=1602587824.573596 Registering gym environment id: Duckietown-loop_empty-v0
time=1602587824.5736701 Registering gym environment id: Duckietown-loop_obstacles-v0
time=1602587824.5737324 Registering gym environment id: Duckietown-straight_road-v0
time=1602587824.5737886 Registering gym environment id: Duckietown-small_loop-v0
time=1602587824.573854 Registering gym environment id: Duckietown-udem1-v0
time=1602587824.5739088 Registering gym environment id: Duckietown-zigzag_dists-v0
... logging to /home/appuser/.ros/log/a0cbe4d8-0d45-11eb-9949-0242ac110003/roslaunch-addcaa2c049c-147.log
[1mstarted roslaunch server http://addcaa2c049c:37017/[0m

SUMMARY
========

PARAMETERS
 * /rosdistro: melodic
 * /rosversion: 1.14.7

NODES
  /
    demo_node (demo/demo_node.py)
    record (rosbag/record)

auto-starting new master
[1mprocess[master]: started with pid [162][0m
[1mROS_MASTER_URI=http://localhost:11311[0m
[1msetting /run_id to a0cbe4d8-0d45-11eb-9949-0242ac110003[0m
[1mprocess[rosout-1]: started with pid [173][0m
started core service [/rosout]
[demo_node-2] killing on exit
[rosout-1] killing on exit
[master] killing on exit
Traceback (most recent call last):
  File "/opt/ros/melodic/lib/python2.7/dist-packages/roslaunch/nodeprocess.py", line 316, in start
    self.popen = subprocess.Popen(self.args, cwd=cwd, stdout=logfileout, stderr=logfileerr, env=full_env, close_fds=close_file_descriptor, preexec_fn=preexec_function)
  File "/usr/lib/python3.6/subprocess.py", line 729, in __init__
    restore_signals, start_new_session)
  File "/usr/lib/python3.6/subprocess.py", line 1364, in _execute_child
    raise child_exception_type(errno_num, err_msg, err_filename)
OSError: [Errno 8] Exec format error: '/home/appuser/aido-auto/ros/catkin_ws/src/demo/scripts/demo_node.py'

During handling of the above exception, another exception occurred:

Traceback (most recent call last):
  File "/usr/lib/python3.6/runpy.py", line 193, in _run_module_as_main
    "__main__", mod_spec)
  File "/usr/lib/python3.6/runpy.py", line 85, in _run_code
    exec(code, run_globals)
  File "/home/appuser/aido-auto/gym-duckietown/gym_duckietown/tasks/no_move/checker.py", line 6, in <module>
    checkers=[StopAtCoordinatesChecker()]
  File "/home/appuser/aido-auto/gym-duckietown/gym_duckietown/tasks/solution_evaluator.py", line 35, in __init__
    self.task_generator.configure_ros()
  File "/home/appuser/aido-auto/gym-duckietown/gym_duckietown/tasks/task_generator.py", line 33, in configure_ros
    self.generated_task['launch'].start()
  File "/opt/ros/melodic/lib/python2.7/dist-packages/roslaunch/parent.py", line 300, in start
    self.runner.launch()
  File "/opt/ros/melodic/lib/python2.7/dist-packages/roslaunch/launch.py", line 663, in launch
    succeeded, failed = self._launch_nodes()
  File "/opt/ros/melodic/lib/python2.7/dist-packages/roslaunch/launch.py", line 370, in _launch_nodes
    proc, success = self.launch_node(node)
  File "/opt/ros/melodic/lib/python2.7/dist-packages/roslaunch/launch.py", line 562, in launch_node
    success = process.start()
  File "/opt/ros/melodic/lib/python2.7/dist-packages/roslaunch/nodeprocess.py", line 321, in start
    raise FatalProcessLaunch("Unable to launch [%s]. \nIf it is a script, you may be missing a '#!' declaration at the top."%self.name)
roslaunch.pmon.FatalProcessLaunch: Unable to launch [demo_node-2]. 
If it is a script, you may be missing a '#!' declaration at the top.
