False: Non-zero return code, probably a syntax error occurred\ntime=1657796219.826309 gym-duckietown 2019.0.0

time=1657796220.0997663 Registering gym environment id: Duckietown-4way-v0
time=1657796220.0999212 Registering gym environment id: Duckietown-loop_dyn_duckiebots-v0
time=1657796220.1000183 Registering gym environment id: Duckietown-loop_empty-v0
time=1657796220.1001108 Registering gym environment id: Duckietown-loop_obstacles-v0
time=1657796220.1002438 Registering gym environment id: Duckietown-loop_pedestrians-v0
time=1657796220.1003594 Registering gym environment id: Duckietown-small_loop-v0
time=1657796220.1004496 Registering gym environment id: Duckietown-small_loop_cw-v0
time=1657796220.100537 Registering gym environment id: Duckietown-straight_road-v0
time=1657796220.100623 Registering gym environment id: Duckietown-straight_road_10_tiles_no_start_tile-v0
time=1657796220.1007123 Registering gym environment id: Duckietown-straight_road_no_start_tile-v0
time=1657796220.1008005 Registering gym environment id: Duckietown-straight_road_trafficlight-v0
time=1657796220.1009164 Registering gym environment id: Duckietown-straight_road_with_side_floor-v0
time=1657796220.1010292 Registering gym environment id: Duckietown-udem1-v0
time=1657796220.1011524 Registering gym environment id: Duckietown-zigzag_dists-v0
Traceback (most recent call last):
  File "/usr/lib/python3.6/runpy.py", line 193, in _run_module_as_main
    "__main__", mod_spec)
  File "/usr/lib/python3.6/runpy.py", line 85, in _run_code
    exec(code, run_globals)
  File "/home/appuser/aido-auto/gym-duckietown/gym_duckietown/tasks/dont_crush_duckie/checker.py", line 6, in <module>
    checkers=[StopAtCoordinatesChecker()]
  File "/home/appuser/aido-auto/gym-duckietown/gym_duckietown/tasks/solution_evaluator.py", line 31, in __init__
    solution_file_as_module = importlib.import_module(self.args.solution_file_as_module)
  File "/usr/lib/python3.6/importlib/__init__.py", line 126, in import_module
    return _bootstrap._gcd_import(name[level:], package, level)
  File "<frozen importlib._bootstrap>", line 994, in _gcd_import
  File "<frozen importlib._bootstrap>", line 971, in _find_and_load
  File "<frozen importlib._bootstrap>", line 955, in _find_and_load_unlocked
  File "<frozen importlib._bootstrap>", line 665, in _load_unlocked
  File "<frozen importlib._bootstrap_external>", line 678, in exec_module
  File "<frozen importlib._bootstrap>", line 219, in _call_with_frames_removed
  File "/home/appuser/aido-auto/gym-duckietown/gym_duckietown/tasks/dont_crush_duckie/solutions/solution.py", line 5, in <module>
    hsv =  cv.cvtColor(img, cv.COLOR_BGR2HSV)
cv2.error: OpenCV(4.5.4) /tmp/pip-req-build-w88qv8vs/opencv/modules/imgproc/src/color.cpp:182: error: (-215:Assertion failed) !_src.empty() in function 'cvtColor'
